<?xml version="1.0" encoding="UTF-8"?>
<!-- Generated by org.testng.reporters.JUnitReportReporter -->
<testsuite hostname="Neelam" failures="0" tests="2" name="com.naveenautomationlabs.AFramework.tests.MyWishListTest" time="12.352" errors="0" timestamp="2023-07-15T15:33:37 EDT" skipped="0">
  <testcase classname="com.naveenautomationlabs.AFramework.tests.MyWishListTest" name="validateGettingCellElementFromTable" time="6.300"/>
  <system-out/>
  <testcase classname="com.naveenautomationlabs.AFramework.tests.MyWishListTest" name="validateLogin" time="6.052"/>
  <system-out/>
</testsuite> <!-- com.naveenautomationlabs.AFramework.tests.MyWishListTest -->
