<?xml version="1.0" encoding="UTF-8"?>
<!-- Generated by org.testng.reporters.JUnitReportReporter -->
<testsuite hostname="Neelam" failures="0" tests="1" name="com.naveenautomationlabs.AFramework.tests.LaptopsNotebookTest" time="7.479" errors="0" timestamp="2023-07-09T15:01:59 EDT" skipped="0">
  <testcase classname="com.naveenautomationlabs.AFramework.tests.LaptopsNotebookTest" name="validateClickingOnListOfLaptopsNotebookGoTORespectivePage" time="7.479"/>
  <system-out/>
</testsuite> <!-- com.naveenautomationlabs.AFramework.tests.LaptopsNotebookTest -->
