<?xml version="1.0" encoding="UTF-8"?>
<!-- Generated by org.testng.reporters.JUnitReportReporter -->
<testsuite hostname="Neelam" failures="0" tests="2" name="com.naveenautomationlabs.AFramework.tests.MyWishListTest" time="14.580" errors="0" timestamp="2023-07-09T15:01:59 EDT" skipped="0">
  <testcase classname="com.naveenautomationlabs.AFramework.tests.MyWishListTest" name="validateGettingCellElementFromTable" time="7.758"/>
  <system-out/>
  <testcase classname="com.naveenautomationlabs.AFramework.tests.MyWishListTest" name="validateLogin" time="6.822"/>
  <system-out/>
</testsuite> <!-- com.naveenautomationlabs.AFramework.tests.MyWishListTest -->
