<?xml version="1.0" encoding="UTF-8"?>
<!-- Generated by org.testng.reporters.JUnitReportReporter -->
<testsuite hostname="Neelam" failures="0" tests="8" name="com.naveenautomationlabs.AFramework.tests.YourStoreTest" time="58.847" errors="0" timestamp="2023-07-09T15:01:59 EDT" skipped="0">
  <testcase classname="com.naveenautomationlabs.AFramework.tests.YourStoreTest" name="validateFooterDisplayImagesMoving" time="8.145"/>
  <system-out/>
  <testcase classname="com.naveenautomationlabs.AFramework.tests.YourStoreTest" name="validateDisplayImageIsMovingOnMainPage" time="9.018"/>
  <system-out/>
  <testcase classname="com.naveenautomationlabs.AFramework.tests.YourStoreTest" name="validateClickingDisplayItemOnMainPageTakesToItemPage" time="7.992"/>
  <system-out/>
  <testcase classname="com.naveenautomationlabs.AFramework.tests.YourStoreTest" name="validateLoginUsingValidCredentials" time="6.454"/>
  <system-out/>
  <testcase classname="com.naveenautomationlabs.AFramework.tests.YourStoreTest" name="validateLoginUsingValidCredentials" time="6.523"/>
  <system-out/>
  <testcase classname="com.naveenautomationlabs.AFramework.tests.YourStoreTest" name="validateWishListIsUpdated" time="8.041"/>
  <system-out/>
  <testcase classname="com.naveenautomationlabs.AFramework.tests.YourStoreTest" name="validateLoginUsingValidCredentials" time="6.342"/>
  <system-out/>
  <testcase classname="com.naveenautomationlabs.AFramework.tests.YourStoreTest" name="validateLoginUsingValidCredentials" time="6.332"/>
  <system-out/>
</testsuite> <!-- com.naveenautomationlabs.AFramework.tests.YourStoreTest -->
