<?xml version="1.0" encoding="UTF-8"?>
<!-- Generated by org.testng.reporters.JUnitReportReporter -->
<testsuite hostname="Neelam" failures="0" tests="8" name="com.naveenautomationlabs.AFramework.tests.YourStoreTest" time="60.164" errors="0" timestamp="14 Jul. 2023 11:15:00 GMT" skipped="0">
  <testcase classname="com.naveenautomationlabs.AFramework.tests.YourStoreTest" name="validateWishListIsUpdated" time="8.435"/>
  <testcase classname="com.naveenautomationlabs.AFramework.tests.YourStoreTest" name="validateLoginUsingValidCredentials" time="6.343"/>
  <testcase classname="com.naveenautomationlabs.AFramework.tests.YourStoreTest" name="validateClickingDisplayItemOnMainPageTakesToItemPage" time="10.492"/>
  <testcase classname="com.naveenautomationlabs.AFramework.tests.YourStoreTest" name="validateLoginUsingValidCredentials" time="6.547"/>
  <testcase classname="com.naveenautomationlabs.AFramework.tests.YourStoreTest" name="validateLoginUsingValidCredentials" time="6.318"/>
  <testcase classname="com.naveenautomationlabs.AFramework.tests.YourStoreTest" name="validateFooterDisplayImagesMoving" time="8.091"/>
  <testcase classname="com.naveenautomationlabs.AFramework.tests.YourStoreTest" name="validateLoginUsingValidCredentials" time="6.032"/>
  <testcase classname="com.naveenautomationlabs.AFramework.tests.YourStoreTest" name="validateDisplayImageIsMovingOnMainPage" time="7.906"/>
</testsuite> <!-- com.naveenautomationlabs.AFramework.tests.YourStoreTest -->
