<?xml version="1.0" encoding="UTF-8"?>
<!-- Generated by org.testng.reporters.JUnitReportReporter -->
<testsuite hostname="Neelam" failures="0" tests="2" name="com.naveenautomationlabs.AFramework.tests.MyWishListTest" time="15.376" errors="0" timestamp="15 Jul. 2023 19:28:00 GMT" skipped="0">
  <testcase classname="com.naveenautomationlabs.AFramework.tests.MyWishListTest" name="validateGettingCellElementFromTable" time="6.593"/>
  <testcase classname="com.naveenautomationlabs.AFramework.tests.MyWishListTest" name="validateLogin" time="8.783"/>
</testsuite> <!-- com.naveenautomationlabs.AFramework.tests.MyWishListTest -->
