<?xml version="1.0" encoding="UTF-8"?>
<!-- Generated by org.testng.reporters.JUnitReportReporter -->
<testsuite hostname="Neelam" failures="0" tests="2" name="com.naveenautomationlabs.AFramework.tests.MyWishListTest" time="14.170" errors="0" timestamp="09 Jul. 2023 19:29:17 GMT" skipped="0">
  <testcase classname="com.naveenautomationlabs.AFramework.tests.MyWishListTest" name="validateGettingCellElementFromTable" time="7.258"/>
  <testcase classname="com.naveenautomationlabs.AFramework.tests.MyWishListTest" name="validateLogin" time="6.912"/>
</testsuite> <!-- com.naveenautomationlabs.AFramework.tests.MyWishListTest -->
