<?xml version="1.0" encoding="UTF-8"?>
<!-- Generated by org.testng.reporters.JUnitReportReporter -->
<testsuite hostname="Neelam" failures="0" tests="8" name="com.naveenautomationlabs.AFramework.tests.YourStoreTest" time="57.454" errors="0" timestamp="09 Jul. 2023 19:29:17 GMT" skipped="0">
  <testcase classname="com.naveenautomationlabs.AFramework.tests.YourStoreTest" name="validateLoginUsingValidCredentials" time="6.383"/>
  <testcase classname="com.naveenautomationlabs.AFramework.tests.YourStoreTest" name="validateLoginUsingValidCredentials" time="6.167"/>
  <testcase classname="com.naveenautomationlabs.AFramework.tests.YourStoreTest" name="validateDisplayImageIsMovingOnMainPage" time="7.627"/>
  <testcase classname="com.naveenautomationlabs.AFramework.tests.YourStoreTest" name="validateClickingDisplayItemOnMainPageTakesToItemPage" time="8.312"/>
  <testcase classname="com.naveenautomationlabs.AFramework.tests.YourStoreTest" name="validateLoginUsingValidCredentials" time="6.614"/>
  <testcase classname="com.naveenautomationlabs.AFramework.tests.YourStoreTest" name="validateWishListIsUpdated" time="8.002"/>
  <testcase classname="com.naveenautomationlabs.AFramework.tests.YourStoreTest" name="validateFooterDisplayImagesMoving" time="8.094"/>
  <testcase classname="com.naveenautomationlabs.AFramework.tests.YourStoreTest" name="validateLoginUsingValidCredentials" time="6.255"/>
</testsuite> <!-- com.naveenautomationlabs.AFramework.tests.YourStoreTest -->
