<?xml version="1.0" encoding="UTF-8"?>
<!-- Generated by org.testng.reporters.JUnitReportReporter -->
<testsuite hostname="Neelam" failures="0" tests="1" name="com.naveenautomationlabs.AFramework.tests.LaptopsNotebookTest" time="8.954" errors="0" timestamp="09 Jul. 2023 19:29:17 GMT" skipped="0">
  <testcase classname="com.naveenautomationlabs.AFramework.tests.LaptopsNotebookTest" name="validateClickingOnListOfLaptopsNotebookGoTORespectivePage" time="8.954"/>
</testsuite> <!-- com.naveenautomationlabs.AFramework.tests.LaptopsNotebookTest -->
