<?xml version="1.0" encoding="UTF-8"?>
<!-- Generated by org.testng.reporters.JUnitReportReporter -->
<testsuite hostname="Neelam" failures="0" tests="2" name="com.naveenautomationlabs.AFramework.tests.MyWishListTest" time="17.147" errors="0" timestamp="14 Jul. 2023 11:15:00 GMT" skipped="0">
  <testcase classname="com.naveenautomationlabs.AFramework.tests.MyWishListTest" name="validateGettingCellElementFromTable" time="10.213"/>
  <testcase classname="com.naveenautomationlabs.AFramework.tests.MyWishListTest" name="validateLogin" time="6.934"/>
</testsuite> <!-- com.naveenautomationlabs.AFramework.tests.MyWishListTest -->
