<?xml version="1.0" encoding="UTF-8"?>
<!-- Generated by org.testng.reporters.JUnitReportReporter -->
<testsuite hostname="Neelam" failures="0" tests="8" name="com.naveenautomationlabs.AFramework.tests.YourStoreTest" time="50.820" errors="0" timestamp="15 Jul. 2023 19:28:00 GMT" skipped="0">
  <testcase classname="com.naveenautomationlabs.AFramework.tests.YourStoreTest" name="validateLoginUsingValidCredentials" time="5.833"/>
  <testcase classname="com.naveenautomationlabs.AFramework.tests.YourStoreTest" name="validateClickingDisplayItemOnMainPageTakesToItemPage" time="7.166"/>
  <testcase classname="com.naveenautomationlabs.AFramework.tests.YourStoreTest" name="validateFooterDisplayImagesMoving" time="7.267"/>
  <testcase classname="com.naveenautomationlabs.AFramework.tests.YourStoreTest" name="validateLoginUsingValidCredentials" time="5.281"/>
  <testcase classname="com.naveenautomationlabs.AFramework.tests.YourStoreTest" name="validateLoginUsingValidCredentials" time="5.224"/>
  <testcase classname="com.naveenautomationlabs.AFramework.tests.YourStoreTest" name="validateLoginUsingValidCredentials" time="5.349"/>
  <testcase classname="com.naveenautomationlabs.AFramework.tests.YourStoreTest" name="validateWishListIsUpdated" time="7.653"/>
  <testcase classname="com.naveenautomationlabs.AFramework.tests.YourStoreTest" name="validateDisplayImageIsMovingOnMainPage" time="7.047"/>
</testsuite> <!-- com.naveenautomationlabs.AFramework.tests.YourStoreTest -->
